16:44:04: [INFO] [C:\Users\Andre\Desktop\WARG\autonomy-bootcamp-2025-p2\modules\command\command_worker.py | command_worker | 49] Logger initialized
16:44:04: [INFO] [C:\Users\Andre\Desktop\WARG\autonomy-bootcamp-2025-p2\modules\command\command.py | run | 80] current velocity: (0.0, 0.0, 4.0)
16:44:04: [INFO] [C:\Users\Andre\Desktop\WARG\autonomy-bootcamp-2025-p2\modules\command\command.py | run | 95] TARGET Z IS OFF, MOVING -1 METERS
16:44:04: [INFO] [C:\Users\Andre\Desktop\WARG\autonomy-bootcamp-2025-p2\modules\command\command.py | run | 80] current velocity: (0.0, 0.0, -1.0)
16:44:04: [INFO] [C:\Users\Andre\Desktop\WARG\autonomy-bootcamp-2025-p2\modules\command\command.py | run | 95] TARGET Z IS OFF, MOVING 1 METERS
16:44:05: [INFO] [C:\Users\Andre\Desktop\WARG\autonomy-bootcamp-2025-p2\modules\command\command.py | run | 80] current velocity: (0.0, 0.0, 0.0)
16:44:05: [INFO] [C:\Users\Andre\Desktop\WARG\autonomy-bootcamp-2025-p2\modules\command\command.py | run | 80] current velocity: (0.0, 0.0, 0.0)
16:44:06: [INFO] [C:\Users\Andre\Desktop\WARG\autonomy-bootcamp-2025-p2\modules\command\command.py | run | 80] current velocity: (0.0, 0.0, 0.0)
16:44:06: [INFO] [C:\Users\Andre\Desktop\WARG\autonomy-bootcamp-2025-p2\modules\command\command.py | run | 80] current velocity: (0.0, 0.0, 0.0)
16:44:07: [INFO] [C:\Users\Andre\Desktop\WARG\autonomy-bootcamp-2025-p2\modules\command\command.py | run | 80] current velocity: (0.0, 0.0, 0.0)
16:44:07: [INFO] [C:\Users\Andre\Desktop\WARG\autonomy-bootcamp-2025-p2\modules\command\command.py | run | 80] current velocity: (0.0, 2.5, 0.0)
16:44:07: [INFO] [C:\Users\Andre\Desktop\WARG\autonomy-bootcamp-2025-p2\modules\command\command.py | run | 127] TARGET NOT IN SIGHT, TURNING
16:44:08: [INFO] [C:\Users\Andre\Desktop\WARG\autonomy-bootcamp-2025-p2\modules\command\command.py | run | 80] current velocity: (0.0, 2.2222222222222223, 0.0)
16:44:08: [INFO] [C:\Users\Andre\Desktop\WARG\autonomy-bootcamp-2025-p2\modules\command\command.py | run | 127] TARGET NOT IN SIGHT, TURNING
16:44:08: [INFO] [C:\Users\Andre\Desktop\WARG\autonomy-bootcamp-2025-p2\modules\command\command.py | run | 80] current velocity: (0.0, 2.0, 0.0)
16:44:08: [INFO] [C:\Users\Andre\Desktop\WARG\autonomy-bootcamp-2025-p2\modules\command\command.py | run | 127] TARGET NOT IN SIGHT, TURNING
16:44:09: [INFO] [C:\Users\Andre\Desktop\WARG\autonomy-bootcamp-2025-p2\modules\command\command.py | run | 80] current velocity: (1.8181818181818181, 0.0, 0.0)
16:44:09: [INFO] [C:\Users\Andre\Desktop\WARG\autonomy-bootcamp-2025-p2\modules\command\command.py | run | 127] TARGET NOT IN SIGHT, TURNING
16:44:09: [INFO] [C:\Users\Andre\Desktop\WARG\autonomy-bootcamp-2025-p2\modules\command\command.py | run | 80] current velocity: (1.6666666666666667, 0.0, 0.0)
16:44:09: [INFO] [C:\Users\Andre\Desktop\WARG\autonomy-bootcamp-2025-p2\modules\command\command.py | run | 127] TARGET NOT IN SIGHT, TURNING
16:44:10: [INFO] [C:\Users\Andre\Desktop\WARG\autonomy-bootcamp-2025-p2\modules\command\command.py | run | 80] current velocity: (1.5384615384615385, 0.0, 0.0)
16:44:10: [INFO] [C:\Users\Andre\Desktop\WARG\autonomy-bootcamp-2025-p2\modules\command\command.py | run | 127] TARGET NOT IN SIGHT, TURNING
16:44:10: [INFO] [C:\Users\Andre\Desktop\WARG\autonomy-bootcamp-2025-p2\modules\command\command.py | run | 80] current velocity: (0.0, -1.4285714285714286, 0.0)
16:44:10: [INFO] [C:\Users\Andre\Desktop\WARG\autonomy-bootcamp-2025-p2\modules\command\command.py | run | 127] TARGET NOT IN SIGHT, TURNING
16:44:11: [INFO] [C:\Users\Andre\Desktop\WARG\autonomy-bootcamp-2025-p2\modules\command\command.py | run | 80] current velocity: (0.0, -1.3333333333333333, 0.0)
16:44:11: [INFO] [C:\Users\Andre\Desktop\WARG\autonomy-bootcamp-2025-p2\modules\command\command.py | run | 127] TARGET NOT IN SIGHT, TURNING
16:44:11: [INFO] [C:\Users\Andre\Desktop\WARG\autonomy-bootcamp-2025-p2\modules\command\command.py | run | 80] current velocity: (0.0, -1.25, 0.0)
16:44:11: [INFO] [C:\Users\Andre\Desktop\WARG\autonomy-bootcamp-2025-p2\modules\command\command.py | run | 127] TARGET NOT IN SIGHT, TURNING
16:44:12: [INFO] [C:\Users\Andre\Desktop\WARG\autonomy-bootcamp-2025-p2\modules\command\command.py | run | 80] current velocity: (-1.1764705882352942, 0.0, 0.0)
16:44:12: [INFO] [C:\Users\Andre\Desktop\WARG\autonomy-bootcamp-2025-p2\modules\command\command.py | run | 127] TARGET NOT IN SIGHT, TURNING
16:44:12: [INFO] [C:\Users\Andre\Desktop\WARG\autonomy-bootcamp-2025-p2\modules\command\command.py | run | 80] current velocity: (-1.1111111111111112, 0.0, 0.0)
16:44:12: [INFO] [C:\Users\Andre\Desktop\WARG\autonomy-bootcamp-2025-p2\modules\command\command.py | run | 127] TARGET NOT IN SIGHT, TURNING
16:44:13: [INFO] [C:\Users\Andre\Desktop\WARG\autonomy-bootcamp-2025-p2\modules\command\command.py | run | 80] current velocity: (-1.0526315789473684, 0.0, 0.0)
16:44:13: [INFO] [C:\Users\Andre\Desktop\WARG\autonomy-bootcamp-2025-p2\modules\command\command.py | run | 127] TARGET NOT IN SIGHT, TURNING
16:44:13: [INFO] [C:\Users\Andre\Desktop\WARG\autonomy-bootcamp-2025-p2\modules\command\command.py | run | 80] current velocity: (0.0, 1.0, 0.0)
16:44:13: [INFO] [C:\Users\Andre\Desktop\WARG\autonomy-bootcamp-2025-p2\modules\command\command.py | run | 127] TARGET NOT IN SIGHT, TURNING
16:44:14: [INFO] [C:\Users\Andre\Desktop\WARG\autonomy-bootcamp-2025-p2\modules\command\command.py | run | 80] current velocity: (0.0, 0.9523809523809523, 0.0)
16:44:14: [INFO] [C:\Users\Andre\Desktop\WARG\autonomy-bootcamp-2025-p2\modules\command\command.py | run | 127] TARGET NOT IN SIGHT, TURNING
16:44:14: [INFO] [C:\Users\Andre\Desktop\WARG\autonomy-bootcamp-2025-p2\modules\command\command.py | run | 80] current velocity: (0.0, 0.9090909090909091, 0.0)
16:44:14: [INFO] [C:\Users\Andre\Desktop\WARG\autonomy-bootcamp-2025-p2\modules\command\command.py | run | 127] TARGET NOT IN SIGHT, TURNING
16:44:15: [INFO] [C:\Users\Andre\Desktop\WARG\autonomy-bootcamp-2025-p2\modules\command\command.py | run | 80] current velocity: (0.8695652173913043, 0.0, 0.0)
16:44:15: [INFO] [C:\Users\Andre\Desktop\WARG\autonomy-bootcamp-2025-p2\modules\command\command.py | run | 127] TARGET NOT IN SIGHT, TURNING
16:44:15: [INFO] [C:\Users\Andre\Desktop\WARG\autonomy-bootcamp-2025-p2\modules\command\command.py | run | 80] current velocity: (0.8333333333333334, 0.0, 0.0)
16:44:15: [INFO] [C:\Users\Andre\Desktop\WARG\autonomy-bootcamp-2025-p2\modules\command\command.py | run | 127] TARGET NOT IN SIGHT, TURNING
16:44:16: [INFO] [C:\Users\Andre\Desktop\WARG\autonomy-bootcamp-2025-p2\modules\command\command.py | run | 80] current velocity: (0.8, 0.0, 0.0)
16:44:16: [INFO] [C:\Users\Andre\Desktop\WARG\autonomy-bootcamp-2025-p2\modules\command\command.py | run | 127] TARGET NOT IN SIGHT, TURNING
16:44:16: [INFO] [C:\Users\Andre\Desktop\WARG\autonomy-bootcamp-2025-p2\modules\command\command.py | run | 80] current velocity: (0.0, -0.7692307692307693, 0.0)
16:44:16: [INFO] [C:\Users\Andre\Desktop\WARG\autonomy-bootcamp-2025-p2\modules\command\command.py | run | 127] TARGET NOT IN SIGHT, TURNING
16:44:17: [INFO] [C:\Users\Andre\Desktop\WARG\autonomy-bootcamp-2025-p2\modules\command\command.py | run | 80] current velocity: (0.0, -0.7407407407407407, 0.0)
16:44:17: [INFO] [C:\Users\Andre\Desktop\WARG\autonomy-bootcamp-2025-p2\modules\command\command.py | run | 127] TARGET NOT IN SIGHT, TURNING
16:44:17: [INFO] [C:\Users\Andre\Desktop\WARG\autonomy-bootcamp-2025-p2\modules\command\command.py | run | 80] current velocity: (0.0, -0.7142857142857143, 0.0)
16:44:17: [INFO] [C:\Users\Andre\Desktop\WARG\autonomy-bootcamp-2025-p2\modules\command\command.py | run | 127] TARGET NOT IN SIGHT, TURNING
16:44:18: [INFO] [C:\Users\Andre\Desktop\WARG\autonomy-bootcamp-2025-p2\modules\command\command.py | run | 80] current velocity: (-0.6896551724137931, 0.0, 0.0)
16:44:18: [INFO] [C:\Users\Andre\Desktop\WARG\autonomy-bootcamp-2025-p2\modules\command\command.py | run | 127] TARGET NOT IN SIGHT, TURNING
16:44:18: [INFO] [C:\Users\Andre\Desktop\WARG\autonomy-bootcamp-2025-p2\modules\command\command.py | run | 80] current velocity: (-0.6666666666666666, 0.0, 0.0)
16:44:18: [INFO] [C:\Users\Andre\Desktop\WARG\autonomy-bootcamp-2025-p2\modules\command\command.py | run | 127] TARGET NOT IN SIGHT, TURNING
16:44:19: [INFO] [C:\Users\Andre\Desktop\WARG\autonomy-bootcamp-2025-p2\modules\command\command.py | run | 80] current velocity: (-0.6451612903225806, 0.0, 0.0)
16:44:19: [INFO] [C:\Users\Andre\Desktop\WARG\autonomy-bootcamp-2025-p2\modules\command\command.py | run | 127] TARGET NOT IN SIGHT, TURNING
