22:26:40: [INFO] [C:\Users\Andre\Desktop\WARG\autonomy-bootcamp-2025-p2\modules\command\command_worker.py | command_worker | 48] Logger initialized
22:26:40: [INFO] [C:\Users\Andre\Desktop\WARG\autonomy-bootcamp-2025-p2\modules\command\command.py | run | 79] current velocity: 4.0
22:26:40: [INFO] [C:\Users\Andre\Desktop\WARG\autonomy-bootcamp-2025-p2\modules\command\command.py | run | 96] TARGET IS HIGHER, GOING UP
22:26:41: [INFO] [C:\Users\Andre\Desktop\WARG\autonomy-bootcamp-2025-p2\modules\command\command.py | run | 79] current velocity: 1.0
22:26:41: [INFO] [C:\Users\Andre\Desktop\WARG\autonomy-bootcamp-2025-p2\modules\command\command.py | run | 92] TARGET IS LOWER, GOING DOWN
22:26:41: [INFO] [C:\Users\Andre\Desktop\WARG\autonomy-bootcamp-2025-p2\modules\command\command.py | run | 79] current velocity: 0.6666666666666666
22:26:42: [INFO] [C:\Users\Andre\Desktop\WARG\autonomy-bootcamp-2025-p2\modules\command\command.py | run | 79] current velocity: 0.5
22:26:42: [INFO] [C:\Users\Andre\Desktop\WARG\autonomy-bootcamp-2025-p2\modules\command\command.py | run | 79] current velocity: 0.4
22:26:43: [INFO] [C:\Users\Andre\Desktop\WARG\autonomy-bootcamp-2025-p2\modules\command\command.py | run | 79] current velocity: 0.3333333333333333
22:26:43: [INFO] [C:\Users\Andre\Desktop\WARG\autonomy-bootcamp-2025-p2\modules\command\command.py | run | 79] current velocity: 0.2857142857142857
22:26:44: [INFO] [C:\Users\Andre\Desktop\WARG\autonomy-bootcamp-2025-p2\modules\command\command.py | run | 79] current velocity: 2.75
22:26:44: [INFO] [C:\Users\Andre\Desktop\WARG\autonomy-bootcamp-2025-p2\modules\command\command.py | run | 118] TARGET NOT IN SIGHT, TURNING
22:26:44: [INFO] [C:\Users\Andre\Desktop\WARG\autonomy-bootcamp-2025-p2\modules\command\command.py | run | 79] current velocity: 4.666666666666667
22:26:44: [INFO] [C:\Users\Andre\Desktop\WARG\autonomy-bootcamp-2025-p2\modules\command\command.py | run | 118] TARGET NOT IN SIGHT, TURNING
22:26:45: [INFO] [C:\Users\Andre\Desktop\WARG\autonomy-bootcamp-2025-p2\modules\command\command.py | run | 79] current velocity: 6.2
22:26:45: [INFO] [C:\Users\Andre\Desktop\WARG\autonomy-bootcamp-2025-p2\modules\command\command.py | run | 118] TARGET NOT IN SIGHT, TURNING
22:26:45: [INFO] [C:\Users\Andre\Desktop\WARG\autonomy-bootcamp-2025-p2\modules\command\command.py | run | 79] current velocity: 7.454545454545454
22:26:45: [INFO] [C:\Users\Andre\Desktop\WARG\autonomy-bootcamp-2025-p2\modules\command\command.py | run | 118] TARGET NOT IN SIGHT, TURNING
22:26:46: [INFO] [C:\Users\Andre\Desktop\WARG\autonomy-bootcamp-2025-p2\modules\command\command.py | run | 79] current velocity: 8.5
22:26:46: [INFO] [C:\Users\Andre\Desktop\WARG\autonomy-bootcamp-2025-p2\modules\command\command.py | run | 118] TARGET NOT IN SIGHT, TURNING
22:26:46: [INFO] [C:\Users\Andre\Desktop\WARG\autonomy-bootcamp-2025-p2\modules\command\command.py | run | 79] current velocity: 9.384615384615385
22:26:46: [INFO] [C:\Users\Andre\Desktop\WARG\autonomy-bootcamp-2025-p2\modules\command\command.py | run | 118] TARGET NOT IN SIGHT, TURNING
22:26:47: [INFO] [C:\Users\Andre\Desktop\WARG\autonomy-bootcamp-2025-p2\modules\command\command.py | run | 79] current velocity: 7.285714285714286
22:26:47: [INFO] [C:\Users\Andre\Desktop\WARG\autonomy-bootcamp-2025-p2\modules\command\command.py | run | 118] TARGET NOT IN SIGHT, TURNING
22:26:47: [INFO] [C:\Users\Andre\Desktop\WARG\autonomy-bootcamp-2025-p2\modules\command\command.py | run | 79] current velocity: 5.466666666666667
22:26:47: [INFO] [C:\Users\Andre\Desktop\WARG\autonomy-bootcamp-2025-p2\modules\command\command.py | run | 118] TARGET NOT IN SIGHT, TURNING
22:26:48: [INFO] [C:\Users\Andre\Desktop\WARG\autonomy-bootcamp-2025-p2\modules\command\command.py | run | 79] current velocity: 3.875
22:26:48: [INFO] [C:\Users\Andre\Desktop\WARG\autonomy-bootcamp-2025-p2\modules\command\command.py | run | 118] TARGET NOT IN SIGHT, TURNING
22:26:48: [INFO] [C:\Users\Andre\Desktop\WARG\autonomy-bootcamp-2025-p2\modules\command\command.py | run | 79] current velocity: 2.4705882352941178
22:26:48: [INFO] [C:\Users\Andre\Desktop\WARG\autonomy-bootcamp-2025-p2\modules\command\command.py | run | 118] TARGET NOT IN SIGHT, TURNING
22:26:49: [INFO] [C:\Users\Andre\Desktop\WARG\autonomy-bootcamp-2025-p2\modules\command\command.py | run | 79] current velocity: 1.2222222222222223
22:26:49: [INFO] [C:\Users\Andre\Desktop\WARG\autonomy-bootcamp-2025-p2\modules\command\command.py | run | 118] TARGET NOT IN SIGHT, TURNING
22:26:49: [INFO] [C:\Users\Andre\Desktop\WARG\autonomy-bootcamp-2025-p2\modules\command\command.py | run | 79] current velocity: 0.10526315789473684
22:26:49: [INFO] [C:\Users\Andre\Desktop\WARG\autonomy-bootcamp-2025-p2\modules\command\command.py | run | 118] TARGET NOT IN SIGHT, TURNING
22:26:50: [INFO] [C:\Users\Andre\Desktop\WARG\autonomy-bootcamp-2025-p2\modules\command\command.py | run | 79] current velocity: 1.1
22:26:50: [INFO] [C:\Users\Andre\Desktop\WARG\autonomy-bootcamp-2025-p2\modules\command\command.py | run | 118] TARGET NOT IN SIGHT, TURNING
22:26:50: [INFO] [C:\Users\Andre\Desktop\WARG\autonomy-bootcamp-2025-p2\modules\command\command.py | run | 79] current velocity: 2.0
22:26:50: [INFO] [C:\Users\Andre\Desktop\WARG\autonomy-bootcamp-2025-p2\modules\command\command.py | run | 118] TARGET NOT IN SIGHT, TURNING
22:26:51: [INFO] [C:\Users\Andre\Desktop\WARG\autonomy-bootcamp-2025-p2\modules\command\command.py | run | 79] current velocity: 2.8181818181818183
22:26:51: [INFO] [C:\Users\Andre\Desktop\WARG\autonomy-bootcamp-2025-p2\modules\command\command.py | run | 118] TARGET NOT IN SIGHT, TURNING
22:26:51: [INFO] [C:\Users\Andre\Desktop\WARG\autonomy-bootcamp-2025-p2\modules\command\command.py | run | 79] current velocity: 3.5652173913043477
22:26:51: [INFO] [C:\Users\Andre\Desktop\WARG\autonomy-bootcamp-2025-p2\modules\command\command.py | run | 118] TARGET NOT IN SIGHT, TURNING
22:26:52: [INFO] [C:\Users\Andre\Desktop\WARG\autonomy-bootcamp-2025-p2\modules\command\command.py | run | 79] current velocity: 4.25
22:26:52: [INFO] [C:\Users\Andre\Desktop\WARG\autonomy-bootcamp-2025-p2\modules\command\command.py | run | 118] TARGET NOT IN SIGHT, TURNING
22:26:52: [INFO] [C:\Users\Andre\Desktop\WARG\autonomy-bootcamp-2025-p2\modules\command\command.py | run | 79] current velocity: 4.88
22:26:52: [INFO] [C:\Users\Andre\Desktop\WARG\autonomy-bootcamp-2025-p2\modules\command\command.py | run | 118] TARGET NOT IN SIGHT, TURNING
22:26:53: [INFO] [C:\Users\Andre\Desktop\WARG\autonomy-bootcamp-2025-p2\modules\command\command.py | run | 79] current velocity: 3.923076923076923
22:26:53: [INFO] [C:\Users\Andre\Desktop\WARG\autonomy-bootcamp-2025-p2\modules\command\command.py | run | 118] TARGET NOT IN SIGHT, TURNING
22:26:53: [INFO] [C:\Users\Andre\Desktop\WARG\autonomy-bootcamp-2025-p2\modules\command\command.py | run | 79] current velocity: 3.037037037037037
22:26:53: [INFO] [C:\Users\Andre\Desktop\WARG\autonomy-bootcamp-2025-p2\modules\command\command.py | run | 118] TARGET NOT IN SIGHT, TURNING
22:26:54: [INFO] [C:\Users\Andre\Desktop\WARG\autonomy-bootcamp-2025-p2\modules\command\command.py | run | 79] current velocity: 2.2142857142857144
22:26:54: [INFO] [C:\Users\Andre\Desktop\WARG\autonomy-bootcamp-2025-p2\modules\command\command.py | run | 118] TARGET NOT IN SIGHT, TURNING
22:26:54: [INFO] [C:\Users\Andre\Desktop\WARG\autonomy-bootcamp-2025-p2\modules\command\command.py | run | 79] current velocity: 1.4482758620689655
22:26:54: [INFO] [C:\Users\Andre\Desktop\WARG\autonomy-bootcamp-2025-p2\modules\command\command.py | run | 118] TARGET NOT IN SIGHT, TURNING
22:26:55: [INFO] [C:\Users\Andre\Desktop\WARG\autonomy-bootcamp-2025-p2\modules\command\command.py | run | 79] current velocity: 0.7333333333333333
22:26:55: [INFO] [C:\Users\Andre\Desktop\WARG\autonomy-bootcamp-2025-p2\modules\command\command.py | run | 118] TARGET NOT IN SIGHT, TURNING
22:26:55: [INFO] [C:\Users\Andre\Desktop\WARG\autonomy-bootcamp-2025-p2\modules\command\command.py | run | 79] current velocity: 0.06451612903225806
22:26:55: [INFO] [C:\Users\Andre\Desktop\WARG\autonomy-bootcamp-2025-p2\modules\command\command.py | run | 118] TARGET NOT IN SIGHT, TURNING
